Arguments: 
  /usr/bin/node /usr/bin/yarn add

PATH: 
  /usr/local/sbin:/usr/local/bin:/usr/sbin:/usr/bin:/sbin:/bin:/usr/games:/usr/local/games:/mnt/c/Program Files (x86)/Intel/iCLS Client:/mnt/c/tools/ruby25/bin:/mnt/c/Python27:/mnt/c/Python27/Scripts:/mnt/c/Program Files/Intel/iCLS Client:/mnt/c/Windows/System32:/mnt/c/Windows:/mnt/c/Windows/System32/wbem:/mnt/c/Windows/System32/WindowsPowerShell/v1.0:/mnt/c/Program Files (x86)/NVIDIA Corporation/PhysX/Common:/mnt/c/Windows/System32:/mnt/c/Windows:/mnt/c/Windows/System32/wbem:/mnt/c/Windows/System32/WindowsPowerShell/v1.0:/mnt/c/ProgramData/chocolatey/bin:/mnt/c/Program Files/nodejs:/mnt/c/Program Files/Java/jdk1.8.0_162/bin:/mnt/c/Program Files (x86)/Intel/Intel(R) Management Engine Components/DAL:/mnt/c/Program Files/Intel/Intel(R) Management Engine Components/DAL:/mnt/c/Program Files (x86)/Intel/Intel(R) Management Engine Components/IPT:/mnt/c/Program Files/Intel/Intel(R) Management Engine Components/IPT:/mnt/c/Windows/System32/OpenSSH:/mnt/c/Users/Ahmed Bassell/AppData/Local/Microsoft/WindowsApps:/mnt/c/Users/Ahmed Bassell/AppData/Local/atom/bin:/mnt/c/Users/Ahmed Bassell/AppData/Roaming/npm:/mnt/c/Users/Ahmed Bassell/AppData/Local/Microsoft/WindowsApps

Yarn version: 
  1.5.1

Node version: 
  8.11.1

Platform: 
  linux x64

npm manifest: 
  {
    "name": "pretty-html",
    "main": "./lib/pretty-html",
    "version": "0.0.0",
    "description": "A short description of your package",
    "keywords": [],
    "activationCommands": {
      "atom-workspace": "pretty-html:toggle"
    },
    "repository": "https://github.com/atom/pretty-html",
    "license": "MIT",
    "engines": {
      "atom": ">=1.0.0 <2.0.0"
    },
    "dependencies": {
      "ibg-html-pretty": "^1.0.0"
    }
  }

yarn manifest: 
  No manifest

Lockfile: 
  No lockfile

Trace: 
  Error: Missing list of packages to add to your project.
      at new MessageError (/usr/lib/node_modules/yarn/lib/cli.js:186:110)
      at Object.<anonymous> (/usr/lib/node_modules/yarn/lib/cli.js:40587:13)
      at Generator.next (<anonymous>)
      at step (/usr/lib/node_modules/yarn/lib/cli.js:98:30)
      at /usr/lib/node_modules/yarn/lib/cli.js:116:14
      at new Promise (<anonymous>)
      at new F (/usr/lib/node_modules/yarn/lib/cli.js:23451:28)
      at Object.<anonymous> (/usr/lib/node_modules/yarn/lib/cli.js:95:12)
      at Object.run (/usr/lib/node_modules/yarn/lib/cli.js:40599:19)
      at run (/usr/lib/node_modules/yarn/lib/cli.js:89113:20)
